<?xml version="1.0" encoding="UTF-8" ?>
<testsuite errors="1" failures="0" hostname="DESKTOP-8U3N3DV" name="test.GeneradorTest" skipped="0" tests="1" time="0.085" timestamp="2022-05-24T21:55:44">
  <properties>
[...]
</properties>
  <testcase classname="test.GeneradorTest" name="crearEstudianteNull" time="0.016">
    <error message="class java.lang.String cannot be cast to class java.util.Map (java.lang.String and java.util.Map are in module java.base of loader &apos;bootstrap&apos;)" type="java.lang.ClassCastException">java.lang.ClassCastException: class java.lang.String cannot be cast to class java.util.Map (java.lang.String and java.util.Map are in module java.base of loader &apos;bootstrap&apos;)
	at logica.Generador.&lt;init&gt;(Generador.java:20)
	at test.GeneradorTest.crearEstudianteNull(GeneradorTest.java:21)
	at java.base/jdk.internal.reflect.NativeMethodAccessorImpl.invoke0(Native Method)
	at java.base/jdk.internal.reflect.NativeMethodAccessorImpl.invoke(NativeMethodAccessorImpl.java:77)
	at java.base/jdk.internal.reflect.DelegatingMethodAccessorImpl.invoke(DelegatingMethodAccessorImpl.java:43)
</error>
  </testcase>
  <system-out><![CDATA[]]></system-out>
  <system-err><![CDATA[]]></system-err>
</testsuite>
